11:27:29.086 [main] INFO  - Navigated to Health Insurance section...
11:27:29.331 [main] INFO  - Entered pincode: 603103
11:27:29.494 [main] INFO  - Entered mobile number: 9999999999
11:27:29.655 [main] INFO  - Clicked View Price Button.
11:27:36.850 [main] INFO  - Accessed health insurance policy menu.
11:28:36.978 [main] INFO  - Navigated to Health Insurance section...
11:28:38.234 [main] INFO  - Entered pincode: 603103
11:28:38.358 [main] INFO  - Entered mobile number: 9999999999
11:28:38.459 [main] INFO  - Clicked View Price Button.
11:28:44.887 [main] INFO  - Accessed health insurance policy menu.
11:28:48.903 [main] INFO  - Fetched family menu items.
11:28:48.903 [main] INFO  - Fetched parent menu items.
15:39:10.404 [main] INFO  - Navigated to Commercial Insurance....
15:39:10.902 [main] INFO  - Entered the Registration Number..
15:39:13.028 [main] INFO  - Entered the invalid phone Number..
15:39:13.071 [main] INFO  - Clicked View Prices Button..
15:39:13.111 [main] INFO  - Captured the error message for INVALID PHONE NUMBER..
15:39:19.478 [main] INFO  - Navigated to Health Insurance section...
15:39:19.696 [main] INFO  - Entered pincode: 603103
15:39:19.802 [main] INFO  - Entered mobile number: 9999999999
15:39:19.855 [main] INFO  - Clicked View Price Button.
15:39:27.330 [main] INFO  - Accessed health insurance policy menu.
15:39:31.337 [main] INFO  - Fetched family menu items.
15:39:31.337 [main] INFO  - Fetched parent menu items.
11:13:17.860 [main] INFO  - Navigated to Commercial Insurance....
11:18:35.341 [main] INFO  - Navigated to Commercial Insurance....
11:19:10.482 [main] INFO  - Navigated to Commercial Insurance....
